{
  "RSpec": {
    "coverage": {
      "/Users/dougw/personal/onschedule/on_schedule/app/models/project_user.rb": {
        "lines": [
          1,
          1,
          1,
          null
        ]
      },
      "/Users/dougw/personal/onschedule/on_schedule/app/models/application_record.rb": {
        "lines": [
          1,
          1,
          null
        ]
      },
      "/Users/dougw/personal/onschedule/on_schedule/app/models/task.rb": {
        "lines": [
          1,
          1,
          null
        ]
      },
      "/Users/dougw/personal/onschedule/on_schedule/app/models/company.rb": {
        "lines": [
          1,
          1,
          1,
          null
        ]
      },
      "/Users/dougw/personal/onschedule/on_schedule/app/models/user.rb": {
        "lines": [
          1,
          1,
          1,
          1,
          null
        ]
      },
      "/Users/dougw/personal/onschedule/on_schedule/app/models/project.rb": {
        "lines": [
          1,
          1,
          1,
          1,
          1,
          null
        ]
      },
      "/Users/dougw/personal/onschedule/on_schedule/app/controllers/company_controller.rb": {
        "lines": [
          1,
          1,
          1,
          1,
          1,
          null,
          null
        ]
      },
      "/Users/dougw/personal/onschedule/on_schedule/app/controllers/application_controller.rb": {
        "lines": [
          1,
          null
        ]
      }
    },
    "timestamp": 1642791812
  }
}
